{"/home/dsbfelipe/roadmap.sh/personal-blogging-platform-api/generated/prisma/client.ts": {"path":"/home/dsbfelipe/roadmap.sh/personal-blogging-platform-api/generated/prisma/client.ts","statementMap":{"0":{"start":{"line":16,"column":0},"end":{"line":16,"column":null}},"1":{"start":{"line":40,"column":28},"end":{"line":40,"column":null}}},"fnMap":{},"branchMap":{},"s":{"0":1,"1":1},"f":{},"b":{},"meta":{"lastBranch":0,"lastFunction":0,"lastStatement":2,"seen":{"s:16:0:16:Infinity":0,"s:40:28:40:Infinity":1},"fnNames":{}}}
,"/home/dsbfelipe/roadmap.sh/personal-blogging-platform-api/generated/prisma/enums.ts": {"path":"/home/dsbfelipe/roadmap.sh/personal-blogging-platform-api/generated/prisma/enums.ts","statementMap":{},"fnMap":{},"branchMap":{},"s":{},"f":{},"b":{},"meta":{"lastBranch":0,"lastFunction":0,"lastStatement":0,"seen":{},"fnNames":{}}}
,"/home/dsbfelipe/roadmap.sh/personal-blogging-platform-api/generated/prisma/internal/class.ts": {"path":"/home/dsbfelipe/roadmap.sh/personal-blogging-platform-api/generated/prisma/internal/class.ts","statementMap":{"0":{"start":{"line":18,"column":46},"end":{"line":33,"column":null}},"1":{"start":{"line":35,"column":0},"end":{"line":35,"column":null}},"2":{"start":{"line":36,"column":0},"end":{"line":39,"column":null}},"3":{"start":{"line":42,"column":21},"end":{"line":42,"column":null}},"4":{"start":{"line":43,"column":20},"end":{"line":43,"column":null}},"5":{"start":{"line":44,"column":2},"end":{"line":44,"column":null}},"6":{"start":{"line":47,"column":0},"end":{"line":56,"column":null}},"7":{"start":{"line":48,"column":26},"end":{"line":48,"column":null}},"8":{"start":{"line":51,"column":21},"end":{"line":51,"column":null}},"9":{"start":{"line":52,"column":4},"end":{"line":52,"column":null}},"10":{"start":{"line":223,"column":2},"end":{"line":223,"column":null}}},"fnMap":{"0":{"name":"decodeBase64AsWasm","decl":{"start":{"line":41,"column":15},"end":{"line":41,"column":34}},"loc":{"start":{"line":41,"column":83},"end":{"line":45,"column":null}},"line":41},"1":{"name":"(anonymous_1)","decl":{"start":{"line":48,"column":14},"end":{"line":48,"column":26}},"loc":{"start":{"line":48,"column":26},"end":{"line":48,"column":null}},"line":48},"2":{"name":"(anonymous_2)","decl":{"start":{"line":50,"column":30},"end":{"line":50,"column":42}},"loc":{"start":{"line":50,"column":42},"end":{"line":53,"column":null}},"line":50},"3":{"name":"getPrismaClientClass","decl":{"start":{"line":222,"column":16},"end":{"line":222,"column":64}},"loc":{"start":{"line":222,"column":64},"end":{"line":224,"column":null}},"line":222}},"branchMap":{},"s":{"0":1,"1":1,"2":1,"3":1,"4":1,"5":1,"6":1,"7":1,"8":1,"9":1,"10":1},"f":{"0":1,"1":1,"2":1,"3":1},"b":{},"meta":{"lastBranch":0,"lastFunction":4,"lastStatement":11,"seen":{"s:18:46:33:Infinity":0,"s:35:0:35:Infinity":1,"s:36:0:39:Infinity":2,"f:41:15:41:34":0,"s:42:21:42:Infinity":3,"s:43:20:43:Infinity":4,"s:44:2:44:Infinity":5,"s:47:0:56:Infinity":6,"f:48:14:48:26":1,"s:48:26:48:Infinity":7,"f:50:30:50:42":2,"s:51:21:51:Infinity":8,"s:52:4:52:Infinity":9,"f:222:16:222:64":3,"s:223:2:223:Infinity":10},"fnNames":{}}}
,"/home/dsbfelipe/roadmap.sh/personal-blogging-platform-api/generated/prisma/internal/prismaNamespace.ts": {"path":"/home/dsbfelipe/roadmap.sh/personal-blogging-platform-api/generated/prisma/internal/prismaNamespace.ts","statementMap":{"0":{"start":{"line":32,"column":45},"end":{"line":32,"column":null}},"1":{"start":{"line":35,"column":47},"end":{"line":35,"column":null}},"2":{"start":{"line":38,"column":42},"end":{"line":38,"column":null}},"3":{"start":{"line":41,"column":47},"end":{"line":41,"column":null}},"4":{"start":{"line":44,"column":43},"end":{"line":44,"column":null}},"5":{"start":{"line":50,"column":19},"end":{"line":50,"column":null}},"6":{"start":{"line":51,"column":21},"end":{"line":51,"column":null}},"7":{"start":{"line":52,"column":20},"end":{"line":52,"column":null}},"8":{"start":{"line":53,"column":19},"end":{"line":53,"column":null}},"9":{"start":{"line":54,"column":19},"end":{"line":54,"column":null}},"10":{"start":{"line":62,"column":23},"end":{"line":62,"column":null}},"11":{"start":{"line":71,"column":35},"end":{"line":71,"column":null}},"12":{"start":{"line":86,"column":44},"end":{"line":89,"column":null}},"13":{"start":{"line":104,"column":25},"end":{"line":108,"column":null}},"14":{"start":{"line":114,"column":22},"end":{"line":114,"column":null}},"15":{"start":{"line":121,"column":24},"end":{"line":121,"column":null}},"16":{"start":{"line":128,"column":23},"end":{"line":128,"column":null}},"17":{"start":{"line":399,"column":25},"end":{"line":403,"column":null}},"18":{"start":{"line":673,"column":41},"end":{"line":678,"column":null}},"19":{"start":{"line":683,"column":35},"end":{"line":688,"column":null}},"20":{"start":{"line":693,"column":34},"end":{"line":696,"column":null}},"21":{"start":{"line":701,"column":42},"end":{"line":704,"column":null}},"22":{"start":{"line":709,"column":25},"end":{"line":712,"column":null}},"23":{"start":{"line":717,"column":25},"end":{"line":720,"column":null}},"24":{"start":{"line":793,"column":31},"end":{"line":793,"column":null}}},"fnMap":{},"branchMap":{},"s":{"0":1,"1":1,"2":1,"3":1,"4":1,"5":1,"6":1,"7":1,"8":1,"9":1,"10":1,"11":1,"12":1,"13":1,"14":1,"15":1,"16":1,"17":1,"18":1,"19":1,"20":1,"21":1,"22":1,"23":1,"24":1},"f":{},"b":{},"meta":{"lastBranch":0,"lastFunction":0,"lastStatement":25,"seen":{"s:32:45:32:Infinity":0,"s:35:47:35:Infinity":1,"s:38:42:38:Infinity":2,"s:41:47:41:Infinity":3,"s:44:43:44:Infinity":4,"s:50:19:50:Infinity":5,"s:51:21:51:Infinity":6,"s:52:20:52:Infinity":7,"s:53:19:53:Infinity":8,"s:54:19:54:Infinity":9,"s:62:23:62:Infinity":10,"s:71:35:71:Infinity":11,"s:86:44:89:Infinity":12,"s:104:25:108:Infinity":13,"s:114:22:114:Infinity":14,"s:121:24:121:Infinity":15,"s:128:23:128:Infinity":16,"s:399:25:403:Infinity":17,"s:673:41:678:Infinity":18,"s:683:35:688:Infinity":19,"s:693:34:696:Infinity":20,"s:701:42:704:Infinity":21,"s:709:25:712:Infinity":22,"s:717:25:720:Infinity":23,"s:793:31:793:Infinity":24},"fnNames":{}}}
,"/home/dsbfelipe/roadmap.sh/personal-blogging-platform-api/src/config/environment.ts": {"path":"/home/dsbfelipe/roadmap.sh/personal-blogging-platform-api/src/config/environment.ts","statementMap":{"0":{"start":{"line":3,"column":0},"end":{"line":3,"column":null}},"1":{"start":{"line":5,"column":18},"end":{"line":12,"column":null}},"2":{"start":{"line":14,"column":27},"end":{"line":14,"column":null}}},"fnMap":{},"branchMap":{"0":{"loc":{"start":{"line":3,"column":8},"end":{"line":3,"column":74}},"type":"cond-expr","locations":[{"start":{"line":3,"column":54},"end":{"line":3,"column":68}},{"start":{"line":3,"column":68},"end":{"line":3,"column":74}}],"line":3}},"s":{"0":1,"1":1,"2":1},"f":{},"b":{"0":[1,0]},"meta":{"lastBranch":1,"lastFunction":0,"lastStatement":3,"seen":{"s:3:0:3:Infinity":0,"b:3:54:3:68:3:68:3:74":0,"s:5:18:12:Infinity":1,"s:14:27:14:Infinity":2},"fnNames":{}}}
,"/home/dsbfelipe/roadmap.sh/personal-blogging-platform-api/src/errors/conflict-error.ts": {"path":"/home/dsbfelipe/roadmap.sh/personal-blogging-platform-api/src/errors/conflict-error.ts","statementMap":{"0":{"start":{"line":3,"column":4},"end":{"line":3,"column":null}},"1":{"start":{"line":4,"column":4},"end":{"line":4,"column":null}}},"fnMap":{"0":{"name":"constructor","decl":{"start":{"line":2,"column":2},"end":{"line":2,"column":14}},"loc":{"start":{"line":2,"column":31},"end":{"line":5,"column":null}},"line":2}},"branchMap":{},"s":{"0":2,"1":2},"f":{"0":2},"b":{},"meta":{"lastBranch":0,"lastFunction":1,"lastStatement":2,"seen":{"f:2:2:2:14":0,"s:3:4:3:Infinity":0,"s:4:4:4:Infinity":1},"fnNames":{}}}
,"/home/dsbfelipe/roadmap.sh/personal-blogging-platform-api/src/errors/error-handler.ts": {"path":"/home/dsbfelipe/roadmap.sh/personal-blogging-platform-api/src/errors/error-handler.ts","statementMap":{"0":{"start":{"line":5,"column":13},"end":{"line":39,"column":null}},"1":{"start":{"line":10,"column":2},"end":{"line":20,"column":null}},"2":{"start":{"line":11,"column":4},"end":{"line":19,"column":null}},"3":{"start":{"line":13,"column":58},"end":{"line":18,"column":8}},"4":{"start":{"line":22,"column":2},"end":{"line":26,"column":null}},"5":{"start":{"line":23,"column":4},"end":{"line":25,"column":null}},"6":{"start":{"line":28,"column":2},"end":{"line":32,"column":null}},"7":{"start":{"line":29,"column":4},"end":{"line":31,"column":null}},"8":{"start":{"line":34,"column":2},"end":{"line":34,"column":null}},"9":{"start":{"line":36,"column":2},"end":{"line":38,"column":null}}},"fnMap":{"0":{"name":"(anonymous_0)","decl":{"start":{"line":5,"column":13},"end":{"line":5,"column":null}},"loc":{"start":{"line":9,"column":5},"end":{"line":39,"column":null}},"line":9},"1":{"name":"(anonymous_1)","decl":{"start":{"line":13,"column":32},"end":{"line":13,"column":37}},"loc":{"start":{"line":13,"column":58},"end":{"line":18,"column":8}},"line":13}},"branchMap":{"0":{"loc":{"start":{"line":10,"column":2},"end":{"line":20,"column":null}},"type":"if","locations":[{"start":{"line":10,"column":2},"end":{"line":20,"column":null}},{"start":{},"end":{}}],"line":10},"1":{"loc":{"start":{"line":15,"column":10},"end":{"line":16,"column":null}},"type":"binary-expr","locations":[{"start":{"line":15,"column":10},"end":{"line":15,"column":null}},{"start":{"line":16,"column":10},"end":{"line":16,"column":null}}],"line":15},"2":{"loc":{"start":{"line":22,"column":2},"end":{"line":26,"column":null}},"type":"if","locations":[{"start":{"line":22,"column":2},"end":{"line":26,"column":null}},{"start":{},"end":{}}],"line":22},"3":{"loc":{"start":{"line":22,"column":6},"end":{"line":22,"column":66}},"type":"binary-expr","locations":[{"start":{"line":22,"column":6},"end":{"line":22,"column":40}},{"start":{"line":22,"column":40},"end":{"line":22,"column":66}}],"line":22},"4":{"loc":{"start":{"line":24,"column":15},"end":{"line":24,"column":null}},"type":"binary-expr","locations":[{"start":{"line":24,"column":15},"end":{"line":24,"column":32}},{"start":{"line":24,"column":32},"end":{"line":24,"column":null}}],"line":24},"5":{"loc":{"start":{"line":28,"column":2},"end":{"line":32,"column":null}},"type":"if","locations":[{"start":{"line":28,"column":2},"end":{"line":32,"column":null}},{"start":{},"end":{}}],"line":28}},"s":{"0":2,"1":7,"2":2,"3":2,"4":5,"5":3,"6":2,"7":2,"8":0,"9":0},"f":{"0":7,"1":2},"b":{"0":[2,5],"1":[2,0],"2":[3,2],"3":[5,2],"4":[3,0],"5":[2,0]},"meta":{"lastBranch":6,"lastFunction":2,"lastStatement":10,"seen":{"s:5:13:39:Infinity":0,"f:5:13:5:Infinity":0,"b:10:2:20:Infinity:undefined:undefined:undefined:undefined":0,"s:10:2:20:Infinity":1,"s:11:4:19:Infinity":2,"f:13:32:13:37":1,"s:13:58:18:8":3,"b:15:10:15:Infinity:16:10:16:Infinity":1,"b:22:2:26:Infinity:undefined:undefined:undefined:undefined":2,"s:22:2:26:Infinity":4,"b:22:6:22:40:22:40:22:66":3,"s:23:4:25:Infinity":5,"b:24:15:24:32:24:32:24:Infinity":4,"b:28:2:32:Infinity:undefined:undefined:undefined:undefined":5,"s:28:2:32:Infinity":6,"s:29:4:31:Infinity":7,"s:34:2:34:Infinity":8,"s:36:2:38:Infinity":9},"fnNames":{}}}
,"/home/dsbfelipe/roadmap.sh/personal-blogging-platform-api/src/errors/error-schema.ts": {"path":"/home/dsbfelipe/roadmap.sh/personal-blogging-platform-api/src/errors/error-schema.ts","statementMap":{"0":{"start":{"line":3,"column":27},"end":{"line":13,"column":null}}},"fnMap":{},"branchMap":{},"s":{"0":1},"f":{},"b":{},"meta":{"lastBranch":0,"lastFunction":0,"lastStatement":1,"seen":{"s:3:27:13:Infinity":0},"fnNames":{}}}
,"/home/dsbfelipe/roadmap.sh/personal-blogging-platform-api/src/errors/not-found-error.ts": {"path":"/home/dsbfelipe/roadmap.sh/personal-blogging-platform-api/src/errors/not-found-error.ts","statementMap":{"0":{"start":{"line":3,"column":4},"end":{"line":3,"column":null}},"1":{"start":{"line":4,"column":4},"end":{"line":4,"column":null}}},"fnMap":{"0":{"name":"constructor","decl":{"start":{"line":2,"column":2},"end":{"line":2,"column":14}},"loc":{"start":{"line":2,"column":31},"end":{"line":5,"column":null}},"line":2}},"branchMap":{},"s":{"0":5,"1":5},"f":{"0":5},"b":{},"meta":{"lastBranch":0,"lastFunction":1,"lastStatement":2,"seen":{"f:2:2:2:14":0,"s:3:4:3:Infinity":0,"s:4:4:4:Infinity":1},"fnNames":{}}}
,"/home/dsbfelipe/roadmap.sh/personal-blogging-platform-api/src/helpers/handle-prisma-error.ts": {"path":"/home/dsbfelipe/roadmap.sh/personal-blogging-platform-api/src/helpers/handle-prisma-error.ts","statementMap":{"0":{"start":{"line":10,"column":6},"end":{"line":26,"column":null}},"1":{"start":{"line":14,"column":2},"end":{"line":16,"column":null}},"2":{"start":{"line":15,"column":4},"end":{"line":15,"column":null}},"3":{"start":{"line":18,"column":2},"end":{"line":25,"column":null}},"4":{"start":{"line":20,"column":6},"end":{"line":20,"column":null}},"5":{"start":{"line":22,"column":6},"end":{"line":22,"column":null}},"6":{"start":{"line":24,"column":6},"end":{"line":24,"column":null}}},"fnMap":{"0":{"name":"(anonymous_0)","decl":{"start":{"line":10,"column":6},"end":{"line":10,"column":null}},"loc":{"start":{"line":13,"column":12},"end":{"line":26,"column":null}},"line":13}},"branchMap":{"0":{"loc":{"start":{"line":12,"column":2},"end":{"line":12,"column":null}},"type":"default-arg","locations":[{"start":{"line":12,"column":34},"end":{"line":12,"column":null}}],"line":12},"1":{"loc":{"start":{"line":14,"column":2},"end":{"line":16,"column":null}},"type":"if","locations":[{"start":{"line":14,"column":2},"end":{"line":16,"column":null}},{"start":{},"end":{}}],"line":14},"2":{"loc":{"start":{"line":18,"column":2},"end":{"line":25,"column":null}},"type":"switch","locations":[{"start":{"line":19,"column":4},"end":{"line":20,"column":null}},{"start":{"line":21,"column":4},"end":{"line":22,"column":null}},{"start":{"line":23,"column":4},"end":{"line":24,"column":null}}],"line":18},"3":{"loc":{"start":{"line":20,"column":30},"end":{"line":20,"column":76}},"type":"binary-expr","locations":[{"start":{"line":20,"column":30},"end":{"line":20,"column":51}},{"start":{"line":20,"column":51},"end":{"line":20,"column":76}}],"line":20},"4":{"loc":{"start":{"line":22,"column":30},"end":{"line":22,"column":71}},"type":"binary-expr","locations":[{"start":{"line":22,"column":30},"end":{"line":22,"column":51}},{"start":{"line":22,"column":51},"end":{"line":22,"column":71}}],"line":22}},"s":{"0":1,"1":4,"2":0,"3":4,"4":2,"5":2,"6":0},"f":{"0":4},"b":{"0":[4],"1":[0,4],"2":[2,2,0],"3":[2,0],"4":[2,0]},"meta":{"lastBranch":5,"lastFunction":1,"lastStatement":7,"seen":{"s:10:6:26:Infinity":0,"f:10:6:10:Infinity":0,"b:12:34:12:Infinity":0,"b:14:2:16:Infinity:undefined:undefined:undefined:undefined":1,"s:14:2:16:Infinity":1,"s:15:4:15:Infinity":2,"b:19:4:20:Infinity:21:4:22:Infinity:23:4:24:Infinity":2,"s:18:2:25:Infinity":3,"s:20:6:20:Infinity":4,"b:20:30:20:51:20:51:20:76":3,"s:22:6:22:Infinity":5,"b:22:30:22:51:22:51:22:71":4,"s:24:6:24:Infinity":6},"fnNames":{}}}
,"/home/dsbfelipe/roadmap.sh/personal-blogging-platform-api/src/modules/tags/index.ts": {"path":"/home/dsbfelipe/roadmap.sh/personal-blogging-platform-api/src/modules/tags/index.ts","statementMap":{"0":{"start":{"line":8,"column":39},"end":{"line":16,"column":null}},"1":{"start":{"line":9,"column":21},"end":{"line":9,"column":null}},"2":{"start":{"line":10,"column":18},"end":{"line":10,"column":null}},"3":{"start":{"line":11,"column":21},"end":{"line":11,"column":null}},"4":{"start":{"line":13,"column":2},"end":{"line":15,"column":null}}},"fnMap":{"0":{"name":"(anonymous_0)","decl":{"start":{"line":8,"column":39},"end":{"line":8,"column":46}},"loc":{"start":{"line":8,"column":58},"end":{"line":16,"column":null}},"line":8}},"branchMap":{},"s":{"0":1,"1":1,"2":1,"3":1,"4":1},"f":{"0":1},"b":{},"meta":{"lastBranch":0,"lastFunction":1,"lastStatement":5,"seen":{"s:8:39:16:Infinity":0,"f:8:39:8:46":0,"s:9:21:9:Infinity":1,"s:10:18:10:Infinity":2,"s:11:21:11:Infinity":3,"s:13:2:15:Infinity":4},"fnNames":{}}}
,"/home/dsbfelipe/roadmap.sh/personal-blogging-platform-api/src/modules/tags/tag-controller.ts": {"path":"/home/dsbfelipe/roadmap.sh/personal-blogging-platform-api/src/modules/tags/tag-controller.ts","statementMap":{"0":{"start":{"line":18,"column":6},"end":{"line":51,"column":null}},"1":{"start":{"line":19,"column":19},"end":{"line":22,"column":null}},"2":{"start":{"line":20,"column":19},"end":{"line":20,"column":null}},"3":{"start":{"line":21,"column":4},"end":{"line":21,"column":null}},"4":{"start":{"line":24,"column":19},"end":{"line":27,"column":null}},"5":{"start":{"line":25,"column":19},"end":{"line":25,"column":null}},"6":{"start":{"line":26,"column":4},"end":{"line":26,"column":null}},"7":{"start":{"line":29,"column":17},"end":{"line":32,"column":null}},"8":{"start":{"line":30,"column":19},"end":{"line":30,"column":null}},"9":{"start":{"line":31,"column":4},"end":{"line":31,"column":null}},"10":{"start":{"line":34,"column":17},"end":{"line":37,"column":null}},"11":{"start":{"line":35,"column":19},"end":{"line":35,"column":null}},"12":{"start":{"line":36,"column":4},"end":{"line":36,"column":null}},"13":{"start":{"line":39,"column":18},"end":{"line":42,"column":null}},"14":{"start":{"line":40,"column":4},"end":{"line":40,"column":null}},"15":{"start":{"line":41,"column":4},"end":{"line":41,"column":null}},"16":{"start":{"line":44,"column":2},"end":{"line":50,"column":null}}},"fnMap":{"0":{"name":"(anonymous_0)","decl":{"start":{"line":18,"column":6},"end":{"line":18,"column":29}},"loc":{"start":{"line":18,"column":53},"end":{"line":51,"column":null}},"line":18},"1":{"name":"(anonymous_1)","decl":{"start":{"line":19,"column":19},"end":{"line":19,"column":26}},"loc":{"start":{"line":19,"column":76},"end":{"line":22,"column":null}},"line":19},"2":{"name":"(anonymous_2)","decl":{"start":{"line":24,"column":19},"end":{"line":24,"column":26}},"loc":{"start":{"line":24,"column":76},"end":{"line":27,"column":null}},"line":24},"3":{"name":"(anonymous_3)","decl":{"start":{"line":29,"column":17},"end":{"line":29,"column":24}},"loc":{"start":{"line":29,"column":75},"end":{"line":32,"column":null}},"line":29},"4":{"name":"(anonymous_4)","decl":{"start":{"line":34,"column":17},"end":{"line":34,"column":24}},"loc":{"start":{"line":34,"column":75},"end":{"line":37,"column":null}},"line":34},"5":{"name":"(anonymous_5)","decl":{"start":{"line":39,"column":18},"end":{"line":39,"column":25}},"loc":{"start":{"line":39,"column":75},"end":{"line":42,"column":null}},"line":39}},"branchMap":{},"s":{"0":1,"1":1,"2":2,"3":1,"4":1,"5":1,"6":1,"7":1,"8":2,"9":1,"10":1,"11":3,"12":1,"13":1,"14":2,"15":1,"16":1},"f":{"0":1,"1":2,"2":1,"3":2,"4":3,"5":2},"b":{},"meta":{"lastBranch":0,"lastFunction":6,"lastStatement":17,"seen":{"s:18:6:51:Infinity":0,"f:18:6:18:29":0,"s:19:19:22:Infinity":1,"f:19:19:19:26":1,"s:20:19:20:Infinity":2,"s:21:4:21:Infinity":3,"s:24:19:27:Infinity":4,"f:24:19:24:26":2,"s:25:19:25:Infinity":5,"s:26:4:26:Infinity":6,"s:29:17:32:Infinity":7,"f:29:17:29:24":3,"s:30:19:30:Infinity":8,"s:31:4:31:Infinity":9,"s:34:17:37:Infinity":10,"f:34:17:34:24":4,"s:35:19:35:Infinity":11,"s:36:4:36:Infinity":12,"s:39:18:42:Infinity":13,"f:39:18:39:25":5,"s:40:4:40:Infinity":14,"s:41:4:41:Infinity":15,"s:44:2:50:Infinity":16},"fnNames":{}}}
,"/home/dsbfelipe/roadmap.sh/personal-blogging-platform-api/src/modules/tags/tag-repository.ts": {"path":"/home/dsbfelipe/roadmap.sh/personal-blogging-platform-api/src/modules/tags/tag-repository.ts","statementMap":{"0":{"start":{"line":5,"column":6},"end":{"line":66,"column":null}},"1":{"start":{"line":6,"column":8},"end":{"line":9,"column":null}},"2":{"start":{"line":7,"column":4},"end":{"line":9,"column":null}},"3":{"start":{"line":11,"column":8},"end":{"line":11,"column":null}},"4":{"start":{"line":11,"column":25},"end":{"line":11,"column":null}},"5":{"start":{"line":13,"column":17},"end":{"line":25,"column":null}},"6":{"start":{"line":14,"column":4},"end":{"line":24,"column":null}},"7":{"start":{"line":15,"column":6},"end":{"line":19,"column":null}},"8":{"start":{"line":21,"column":6},"end":{"line":23,"column":null}},"9":{"start":{"line":27,"column":17},"end":{"line":43,"column":null}},"10":{"start":{"line":28,"column":4},"end":{"line":42,"column":null}},"11":{"start":{"line":29,"column":6},"end":{"line":36,"column":null}},"12":{"start":{"line":38,"column":6},"end":{"line":41,"column":null}},"13":{"start":{"line":45,"column":18},"end":{"line":57,"column":null}},"14":{"start":{"line":46,"column":4},"end":{"line":56,"column":null}},"15":{"start":{"line":47,"column":6},"end":{"line":51,"column":null}},"16":{"start":{"line":53,"column":6},"end":{"line":55,"column":null}},"17":{"start":{"line":59,"column":2},"end":{"line":65,"column":null}}},"fnMap":{"0":{"name":"(anonymous_0)","decl":{"start":{"line":5,"column":6},"end":{"line":5,"column":29}},"loc":{"start":{"line":5,"column":54},"end":{"line":66,"column":null}},"line":5},"1":{"name":"(anonymous_1)","decl":{"start":{"line":6,"column":8},"end":{"line":6,"column":20}},"loc":{"start":{"line":7,"column":4},"end":{"line":9,"column":null}},"line":7},"2":{"name":"(anonymous_2)","decl":{"start":{"line":11,"column":8},"end":{"line":11,"column":25}},"loc":{"start":{"line":11,"column":25},"end":{"line":11,"column":null}},"line":11},"3":{"name":"(anonymous_3)","decl":{"start":{"line":13,"column":17},"end":{"line":13,"column":24}},"loc":{"start":{"line":13,"column":45},"end":{"line":25,"column":null}},"line":13},"4":{"name":"(anonymous_4)","decl":{"start":{"line":27,"column":17},"end":{"line":27,"column":24}},"loc":{"start":{"line":27,"column":57},"end":{"line":43,"column":null}},"line":27},"5":{"name":"(anonymous_5)","decl":{"start":{"line":45,"column":18},"end":{"line":45,"column":25}},"loc":{"start":{"line":45,"column":40},"end":{"line":57,"column":null}},"line":45}},"branchMap":{},"s":{"0":1,"1":1,"2":2,"3":1,"4":1,"5":1,"6":2,"7":2,"8":1,"9":1,"10":3,"11":3,"12":2,"13":1,"14":2,"15":2,"16":1,"17":1},"f":{"0":1,"1":2,"2":1,"3":2,"4":3,"5":2},"b":{},"meta":{"lastBranch":0,"lastFunction":6,"lastStatement":18,"seen":{"s:5:6:66:Infinity":0,"f:5:6:5:29":0,"s:6:8:9:Infinity":1,"f:6:8:6:20":1,"s:7:4:9:Infinity":2,"s:11:8:11:Infinity":3,"f:11:8:11:25":2,"s:11:25:11:Infinity":4,"s:13:17:25:Infinity":5,"f:13:17:13:24":3,"s:14:4:24:Infinity":6,"s:15:6:19:Infinity":7,"s:21:6:23:Infinity":8,"s:27:17:43:Infinity":9,"f:27:17:27:24":4,"s:28:4:42:Infinity":10,"s:29:6:36:Infinity":11,"s:38:6:41:Infinity":12,"s:45:18:57:Infinity":13,"f:45:18:45:25":5,"s:46:4:56:Infinity":14,"s:47:6:51:Infinity":15,"s:53:6:55:Infinity":16,"s:59:2:65:Infinity":17},"fnNames":{}}}
,"/home/dsbfelipe/roadmap.sh/personal-blogging-platform-api/src/modules/tags/tag-routes.ts": {"path":"/home/dsbfelipe/roadmap.sh/personal-blogging-platform-api/src/modules/tags/tag-routes.ts","statementMap":{"0":{"start":{"line":12,"column":55},"end":{"line":69,"column":null}},"1":{"start":{"line":13,"column":18},"end":{"line":13,"column":null}},"2":{"start":{"line":15,"column":2},"end":{"line":24,"column":null}},"3":{"start":{"line":26,"column":2},"end":{"line":34,"column":null}},"4":{"start":{"line":36,"column":2},"end":{"line":45,"column":null}},"5":{"start":{"line":47,"column":2},"end":{"line":57,"column":null}},"6":{"start":{"line":59,"column":2},"end":{"line":68,"column":null}}},"fnMap":{"0":{"name":"(anonymous_0)","decl":{"start":{"line":12,"column":55},"end":{"line":12,"column":62}},"loc":{"start":{"line":12,"column":79},"end":{"line":69,"column":null}},"line":12}},"branchMap":{},"s":{"0":1,"1":1,"2":1,"3":1,"4":1,"5":1,"6":1},"f":{"0":1},"b":{},"meta":{"lastBranch":0,"lastFunction":1,"lastStatement":7,"seen":{"s:12:55:69:Infinity":0,"f:12:55:12:62":0,"s:13:18:13:Infinity":1,"s:15:2:24:Infinity":2,"s:26:2:34:Infinity":3,"s:36:2:45:Infinity":4,"s:47:2:57:Infinity":5,"s:59:2:68:Infinity":6},"fnNames":{}}}
,"/home/dsbfelipe/roadmap.sh/personal-blogging-platform-api/src/modules/tags/tag-schemas.ts": {"path":"/home/dsbfelipe/roadmap.sh/personal-blogging-platform-api/src/modules/tags/tag-schemas.ts","statementMap":{"0":{"start":{"line":3,"column":31},"end":{"line":5,"column":null}},"1":{"start":{"line":7,"column":25},"end":{"line":10,"column":null}},"2":{"start":{"line":12,"column":32},"end":{"line":18,"column":null}}},"fnMap":{},"branchMap":{},"s":{"0":1,"1":1,"2":1},"f":{},"b":{},"meta":{"lastBranch":0,"lastFunction":0,"lastStatement":3,"seen":{"s:3:31:5:Infinity":0,"s:7:25:10:Infinity":1,"s:12:32:18:Infinity":2},"fnNames":{}}}
,"/home/dsbfelipe/roadmap.sh/personal-blogging-platform-api/src/modules/tags/tag-service.ts": {"path":"/home/dsbfelipe/roadmap.sh/personal-blogging-platform-api/src/modules/tags/tag-service.ts","statementMap":{"0":{"start":{"line":5,"column":6},"end":{"line":25,"column":null}},"1":{"start":{"line":6,"column":19},"end":{"line":12,"column":null}},"2":{"start":{"line":7,"column":19},"end":{"line":7,"column":null}},"3":{"start":{"line":8,"column":4},"end":{"line":10,"column":null}},"4":{"start":{"line":9,"column":6},"end":{"line":9,"column":null}},"5":{"start":{"line":11,"column":4},"end":{"line":11,"column":null}},"6":{"start":{"line":13,"column":8},"end":{"line":13,"column":null}},"7":{"start":{"line":13,"column":25},"end":{"line":13,"column":null}},"8":{"start":{"line":14,"column":8},"end":{"line":14,"column":null}},"9":{"start":{"line":14,"column":39},"end":{"line":14,"column":null}},"10":{"start":{"line":15,"column":8},"end":{"line":15,"column":null}},"11":{"start":{"line":15,"column":51},"end":{"line":15,"column":null}},"12":{"start":{"line":16,"column":8},"end":{"line":16,"column":null}},"13":{"start":{"line":16,"column":34},"end":{"line":16,"column":null}},"14":{"start":{"line":18,"column":2},"end":{"line":24,"column":null}}},"fnMap":{"0":{"name":"(anonymous_0)","decl":{"start":{"line":5,"column":6},"end":{"line":5,"column":26}},"loc":{"start":{"line":5,"column":56},"end":{"line":25,"column":null}},"line":5},"1":{"name":"(anonymous_1)","decl":{"start":{"line":6,"column":19},"end":{"line":6,"column":26}},"loc":{"start":{"line":6,"column":41},"end":{"line":12,"column":null}},"line":6},"2":{"name":"(anonymous_2)","decl":{"start":{"line":13,"column":8},"end":{"line":13,"column":25}},"loc":{"start":{"line":13,"column":25},"end":{"line":13,"column":null}},"line":13},"3":{"name":"(anonymous_3)","decl":{"start":{"line":14,"column":8},"end":{"line":14,"column":18}},"loc":{"start":{"line":14,"column":39},"end":{"line":14,"column":null}},"line":14},"4":{"name":"(anonymous_4)","decl":{"start":{"line":15,"column":8},"end":{"line":15,"column":18}},"loc":{"start":{"line":15,"column":51},"end":{"line":15,"column":null}},"line":15},"5":{"name":"(anonymous_5)","decl":{"start":{"line":16,"column":8},"end":{"line":16,"column":19}},"loc":{"start":{"line":16,"column":34},"end":{"line":16,"column":null}},"line":16}},"branchMap":{"0":{"loc":{"start":{"line":8,"column":4},"end":{"line":10,"column":null}},"type":"if","locations":[{"start":{"line":8,"column":4},"end":{"line":10,"column":null}},{"start":{},"end":{}}],"line":8}},"s":{"0":2,"1":7,"2":4,"3":4,"4":2,"5":2,"6":7,"7":2,"8":7,"9":3,"10":7,"11":4,"12":7,"13":3,"14":7},"f":{"0":7,"1":4,"2":2,"3":3,"4":4,"5":3},"b":{"0":[2,2]},"meta":{"lastBranch":1,"lastFunction":6,"lastStatement":15,"seen":{"s:5:6:25:Infinity":0,"f:5:6:5:26":0,"s:6:19:12:Infinity":1,"f:6:19:6:26":1,"s:7:19:7:Infinity":2,"b:8:4:10:Infinity:undefined:undefined:undefined:undefined":0,"s:8:4:10:Infinity":3,"s:9:6:9:Infinity":4,"s:11:4:11:Infinity":5,"s:13:8:13:Infinity":6,"f:13:8:13:25":2,"s:13:25:13:Infinity":7,"s:14:8:14:Infinity":8,"f:14:8:14:18":3,"s:14:39:14:Infinity":9,"s:15:8:15:Infinity":10,"f:15:8:15:18":4,"s:15:51:15:Infinity":11,"s:16:8:16:Infinity":12,"f:16:8:16:19":5,"s:16:34:16:Infinity":13,"s:18:2:24:Infinity":14},"fnNames":{}}}
,"/home/dsbfelipe/roadmap.sh/personal-blogging-platform-api/src/plugins/prisma.ts": {"path":"/home/dsbfelipe/roadmap.sh/personal-blogging-platform-api/src/plugins/prisma.ts","statementMap":{"0":{"start":{"line":13,"column":41},"end":{"line":24,"column":null}},"1":{"start":{"line":14,"column":17},"end":{"line":18,"column":null}},"2":{"start":{"line":19,"column":2},"end":{"line":19,"column":null}},"3":{"start":{"line":20,"column":2},"end":{"line":20,"column":null}},"4":{"start":{"line":21,"column":2},"end":{"line":23,"column":null}},"5":{"start":{"line":22,"column":4},"end":{"line":22,"column":null}}},"fnMap":{"0":{"name":"(anonymous_0)","decl":{"start":{"line":13,"column":44},"end":{"line":13,"column":51}},"loc":{"start":{"line":13,"column":62},"end":{"line":24,"column":1}},"line":13},"1":{"name":"(anonymous_1)","decl":{"start":{"line":21,"column":28},"end":{"line":21,"column":35}},"loc":{"start":{"line":21,"column":46},"end":{"line":23,"column":3}},"line":21}},"branchMap":{},"s":{"0":1,"1":1,"2":1,"3":1,"4":1,"5":1},"f":{"0":1,"1":1},"b":{},"meta":{"lastBranch":0,"lastFunction":2,"lastStatement":6,"seen":{"s:13:41:24:Infinity":0,"f:13:44:13:51":0,"s:14:17:18:Infinity":1,"s:19:2:19:Infinity":2,"s:20:2:20:Infinity":3,"s:21:2:23:Infinity":4,"f:21:28:21:35":1,"s:22:4:22:Infinity":5},"fnNames":{}}}
,"/home/dsbfelipe/roadmap.sh/personal-blogging-platform-api/src/routes/health-routes.ts": {"path":"/home/dsbfelipe/roadmap.sh/personal-blogging-platform-api/src/routes/health-routes.ts","statementMap":{"0":{"start":{"line":3,"column":41},"end":{"line":7,"column":null}},"1":{"start":{"line":4,"column":2},"end":{"line":6,"column":null}},"2":{"start":{"line":4,"column":37},"end":{"line":6,"column":4}}},"fnMap":{"0":{"name":"(anonymous_0)","decl":{"start":{"line":3,"column":41},"end":{"line":3,"column":48}},"loc":{"start":{"line":3,"column":59},"end":{"line":7,"column":null}},"line":3},"1":{"name":"(anonymous_1)","decl":{"start":{"line":4,"column":24},"end":{"line":4,"column":37}},"loc":{"start":{"line":4,"column":37},"end":{"line":6,"column":4}},"line":4}},"branchMap":{},"s":{"0":1,"1":1,"2":1},"f":{"0":1,"1":1},"b":{},"meta":{"lastBranch":0,"lastFunction":2,"lastStatement":3,"seen":{"s:3:41:7:Infinity":0,"f:3:41:3:48":0,"s:4:2:6:Infinity":1,"f:4:24:4:37":1,"s:4:37:6:4":2},"fnNames":{}}}
,"/home/dsbfelipe/roadmap.sh/personal-blogging-platform-api/tests/fixtures/tag-fixture.ts": {"path":"/home/dsbfelipe/roadmap.sh/personal-blogging-platform-api/tests/fixtures/tag-fixture.ts","statementMap":{"0":{"start":{"line":1,"column":26},"end":{"line":4,"column":null}},"1":{"start":{"line":6,"column":32},"end":{"line":15,"column":null}}},"fnMap":{},"branchMap":{},"s":{"0":1,"1":1},"f":{},"b":{},"meta":{"lastBranch":0,"lastFunction":0,"lastStatement":2,"seen":{"s:1:26:4:Infinity":0,"s:6:32:15:Infinity":1},"fnNames":{}}}
,"/home/dsbfelipe/roadmap.sh/personal-blogging-platform-api/tests/helpers/create-test-server.ts": {"path":"/home/dsbfelipe/roadmap.sh/personal-blogging-platform-api/tests/helpers/create-test-server.ts","statementMap":{"0":{"start":{"line":8,"column":25},"end":{"line":23,"column":null}},"1":{"start":{"line":9,"column":17},"end":{"line":11,"column":null}},"2":{"start":{"line":12,"column":2},"end":{"line":12,"column":null}},"3":{"start":{"line":14,"column":2},"end":{"line":14,"column":null}},"4":{"start":{"line":15,"column":2},"end":{"line":15,"column":null}},"5":{"start":{"line":17,"column":2},"end":{"line":19,"column":null}},"6":{"start":{"line":18,"column":4},"end":{"line":18,"column":null}},"7":{"start":{"line":21,"column":2},"end":{"line":21,"column":null}},"8":{"start":{"line":22,"column":2},"end":{"line":22,"column":null}}},"fnMap":{"0":{"name":"(anonymous_0)","decl":{"start":{"line":8,"column":25},"end":{"line":8,"column":32}},"loc":{"start":{"line":8,"column":69},"end":{"line":23,"column":null}},"line":8}},"branchMap":{},"s":{"0":2,"1":2,"2":2,"3":2,"4":2,"5":2,"6":3,"7":2,"8":2},"f":{"0":2},"b":{},"meta":{"lastBranch":0,"lastFunction":1,"lastStatement":9,"seen":{"s:8:25:23:Infinity":0,"f:8:25:8:32":0,"s:9:17:11:Infinity":1,"s:12:2:12:Infinity":2,"s:14:2:14:Infinity":3,"s:15:2:15:Infinity":4,"s:17:2:19:Infinity":5,"s:18:4:18:Infinity":6,"s:21:2:21:Infinity":7,"s:22:2:22:Infinity":8},"fnNames":{}}}
,"/home/dsbfelipe/roadmap.sh/personal-blogging-platform-api/tests/mocks/create-tag-repository-mock.ts": {"path":"/home/dsbfelipe/roadmap.sh/personal-blogging-platform-api/tests/mocks/create-tag-repository-mock.ts","statementMap":{"0":{"start":{"line":3,"column":6},"end":{"line":9,"column":null}},"1":{"start":{"line":3,"column":39},"end":{"line":9,"column":null}}},"fnMap":{"0":{"name":"(anonymous_0)","decl":{"start":{"line":3,"column":6},"end":{"line":3,"column":39}},"loc":{"start":{"line":3,"column":39},"end":{"line":9,"column":null}},"line":3}},"branchMap":{},"s":{"0":1,"1":6},"f":{"0":6},"b":{},"meta":{"lastBranch":0,"lastFunction":1,"lastStatement":2,"seen":{"s:3:6:9:Infinity":0,"f:3:6:3:39":0,"s:3:39:9:Infinity":1},"fnNames":{}}}
}
